[2022-03-01 16:34:26][info][../wp-content/plugins/adult-mass-videos-embedder/admin/class/class-amve-search-videos.php][/var/www/html/wp-content/plugins/adult-mass-videos-embedder/admin/class/class-amve-search-videos.php][0]https://www.xvideos.com/?k=Lingerie
[2022-03-01 16:34:26][info][../wp-content/plugins/adult-mass-videos-embedder/admin/class/class-amve-search-videos.php][/var/www/html/wp-content/plugins/adult-mass-videos-embedder/admin/class/class-amve-search-videos.php][0]https://www.xvideos.com/?k=Lingerie&p=1
[2022-03-01 17:40:23][info][../wp-content/plugins/adult-mass-videos-embedder/admin/class/class-amve-search-videos.php][/var/www/html/wp-content/plugins/adult-mass-videos-embedder/admin/class/class-amve-search-videos.php][0]https://www.xvideos.com/?k=Lingerie
[2022-03-01 17:40:24][info][../wp-content/plugins/adult-mass-videos-embedder/admin/class/class-amve-search-videos.php][/var/www/html/wp-content/plugins/adult-mass-videos-embedder/admin/class/class-amve-search-videos.php][0]https://www.xvideos.com/?k=Lingerie&p=1
[2022-03-22 11:56:05][error][../wp-content/plugins/wp-script-core/admin/actions/ajax-check-license-key.php][/var/www/html/wp-content/plugins/wp-script-core/admin/actions/ajax-check-license-key.php][0]Connection to API (check_license) failed (status: <code>200</code> message: <code>Invalid License key</code>)
[2022-03-22 11:56:15][error][../wp-content/plugins/wp-script-core/admin/actions/ajax-check-license-key.php][/var/www/html/wp-content/plugins/wp-script-core/admin/actions/ajax-check-license-key.php][0]Connection to API (check_license) failed (status: <code>200</code> message: <code>Invalid License key!!!</code>)
[2022-04-21 11:51:03][success][../wp-content/plugins/wp-script-core/admin/actions/ajax-connect-product.php][/var/www/html/wp-content/plugins/wp-script-core/admin/actions/ajax-connect-product.php][0]Product connected <code>WPS AdBlocker Detector</code>
[2022-04-21 11:51:17][success][../wp-content/plugins/wp-script-core/admin/actions/ajax-connect-product.php][/var/www/html/wp-content/plugins/wp-script-core/admin/actions/ajax-connect-product.php][0]Product connected <code>WPS Cookie Consent</code>
[2022-04-28 18:02:27][info][../wp-content/plugins/adult-mass-videos-embedder/admin/class/class-amve-search-videos.php][/var/www/html/wp-content/plugins/adult-mass-videos-embedder/admin/class/class-amve-search-videos.php][0]https://www.vporn.com/search?q=anal
[2022-04-28 18:02:59][error][../wp-content/plugins/adult-mass-videos-embedder/admin/class/class-amve-search-videos.php][/var/www/html/wp-content/plugins/adult-mass-videos-embedder/admin/class/class-amve-search-videos.php][0]Connection to native site (vporn / https://www.vporn.com/search?q=anal) failed <code>CURL HTTP CODE: 522</code>
[2022-09-13 17:02:41][info][../wp-content/plugins/adult-mass-videos-embedder/admin/class/class-amve-search-videos.php][/var/www/html/wp-content/plugins/adult-mass-videos-embedder/admin/class/class-amve-search-videos.php][0]https://www.xvideos.com/?k=Amateur
[2022-09-13 17:02:41][info][../wp-content/plugins/adult-mass-videos-embedder/admin/class/class-amve-search-videos.php][/var/www/html/wp-content/plugins/adult-mass-videos-embedder/admin/class/class-amve-search-videos.php][0]https://www.xvideos.com/?k=Amateur&p=1
[2022-10-20 18:40:13][success][../wp-content/plugins/wp-script-core/admin/actions/ajax-connect-product.php][/var/www/html/wp-content/plugins/wp-script-core/admin/actions/ajax-connect-product.php][0]Product connected <code>KingTube</code>
[2022-10-20 18:40:24][success][../wp-content/plugins/wp-script-core/admin/actions/ajax-connect-product.php][/var/www/html/wp-content/plugins/wp-script-core/admin/actions/ajax-connect-product.php][0]Product connected <code>VTube</code>
[2022-10-25 19:33:58][info][../wp-content/plugins/adult-mass-videos-embedder/admin/class/class-amve-search-videos.php][/var/www/html/wp-content/plugins/adult-mass-videos-embedder/admin/class/class-amve-search-videos.php][0]https://xhamster.com/search?q=18+Years+Old&categories=MTM6OToKNQ%3D%3D
[2022-10-25 19:33:59][info][../wp-content/plugins/adult-mass-videos-embedder/admin/class/class-amve-search-videos.php][/var/www/html/wp-content/plugins/adult-mass-videos-embedder/admin/class/class-amve-search-videos.php][0]https://xhamster.com/search?q=18+Years+Old&categories=MTM6OToKNQ%3D%3D&p=2
[2022-10-27 11:58:41][info][../wp-content/plugins/adult-mass-videos-embedder/admin/class/class-amve-search-videos.php][/var/www/html/wp-content/plugins/adult-mass-videos-embedder/admin/class/class-amve-search-videos.php][0]https://xhamster.com/search?q=Armenian&categories=MTM6OToKNQ%3D%3D
[2022-10-27 11:58:41][info][../wp-content/plugins/adult-mass-videos-embedder/admin/class/class-amve-search-videos.php][/var/www/html/wp-content/plugins/adult-mass-videos-embedder/admin/class/class-amve-search-videos.php][0]https://xhamster.com/search?q=Armenian&categories=MTM6OToKNQ%3D%3D&p=2
[2022-10-27 18:07:26][info][../wp-content/plugins/adult-mass-videos-embedder/admin/class/class-amve-search-videos.php][/var/www/html/wp-content/plugins/adult-mass-videos-embedder/admin/class/class-amve-search-videos.php][0]https://xhamster.com/search?q=18+Years+Old&categories=MTM6OToKNQ%3D%3D
[2022-10-27 18:07:27][info][../wp-content/plugins/adult-mass-videos-embedder/admin/class/class-amve-search-videos.php][/var/www/html/wp-content/plugins/adult-mass-videos-embedder/admin/class/class-amve-search-videos.php][0]https://xhamster.com/search?q=18+Years+Old&categories=MTM6OToKNQ%3D%3D&p=2
[2022-11-14 11:38:23][error][../wp-content/plugins/adult-mass-videos-embedder/admin/class/class-amve-search-videos.php][/var/www/html/wp-content/plugins/adult-mass-videos-embedder/admin/class/class-amve-search-videos.php][0]Connection to API (get_feed) failed (message: <code>desiporn is no more available.</code>)
[2022-11-14 17:39:51][error][../wp-content/plugins/adult-mass-videos-embedder/admin/class/class-amve-search-videos.php][/var/www/html/wp-content/plugins/adult-mass-videos-embedder/admin/class/class-amve-search-videos.php][0]Connection to API (get_feed) failed (message: <code>senzuri is no more available.</code>)
[2022-11-14 18:23:24][info][../wp-content/plugins/adult-mass-videos-embedder/admin/class/class-amve-search-videos.php][/var/www/html/wp-content/plugins/adult-mass-videos-embedder/admin/class/class-amve-search-videos.php][0]https://www.redtube.com/new?search=anal
[2022-11-14 18:23:24][info][../wp-content/plugins/adult-mass-videos-embedder/admin/class/class-amve-search-videos.php][/var/www/html/wp-content/plugins/adult-mass-videos-embedder/admin/class/class-amve-search-videos.php][0]https://www.redtube.com/new?search=anal&page=2
[2022-11-14 19:01:34][error][../wp-content/plugins/adult-mass-videos-embedder/admin/class/class-amve-search-videos.php][/var/www/html/wp-content/plugins/adult-mass-videos-embedder/admin/class/class-amve-search-videos.php][0]Connection to API (get_feed) failed (message: <code>AMVE connected</code>)
[2022-11-14 19:03:00][error][../wp-content/plugins/adult-mass-videos-embedder/admin/class/class-amve-search-videos.php][/var/www/html/wp-content/plugins/adult-mass-videos-embedder/admin/class/class-amve-search-videos.php][0]Connection to API (get_feed) failed (message: <code>AMVE connected</code>)
[2023-02-14 14:58:30][info][../wp-content/plugins/adult-mass-videos-embedder/admin/class/class-amve-search-videos.php][/var/www/html/wp-content/plugins/adult-mass-videos-embedder/admin/class/class-amve-search-videos.php][0]https://xhamster.com/search?q=18+Years+Old&categories=MTM6OToKNQ%3D%3D
[2023-02-14 14:58:31][info][../wp-content/plugins/adult-mass-videos-embedder/admin/class/class-amve-search-videos.php][/var/www/html/wp-content/plugins/adult-mass-videos-embedder/admin/class/class-amve-search-videos.php][0]https://xhamster.com/search?q=18+Years+Old&categories=MTM6OToKNQ%3D%3D&p=2
[2023-02-15 19:18:03][error][../wp-content/plugins/wp-script-core/config.php][/var/www/html/wp-content/plugins/wp-script-core/config.php][0]Api response body is null
[2023-02-15 19:18:06][error][../wp-content/plugins/wp-script-core/config.php][/var/www/html/wp-content/plugins/wp-script-core/config.php][0]Api response body is null
[2023-02-15 19:19:39][error][../wp-content/plugins/wp-script-core/config.php][/var/www/html/wp-content/plugins/wp-script-core/config.php][0]Api response body is null
[2023-02-15 19:20:19][error][../wp-content/plugins/wp-script-core/config.php][/var/www/html/wp-content/plugins/wp-script-core/config.php][0]Api response body is null
[2023-02-15 19:20:30][error][../wp-content/plugins/wp-script-core/config.php][/var/www/html/wp-content/plugins/wp-script-core/config.php][0]Api response body is null
[2023-02-15 19:20:57][error][../wp-content/plugins/wp-script-core/config.php][/var/www/html/wp-content/plugins/wp-script-core/config.php][0]Api response body is null
[2023-02-15 19:21:03][error][../wp-content/plugins/wp-script-core/config.php][/var/www/html/wp-content/plugins/wp-script-core/config.php][0]Api response body is null
[2023-02-15 19:23:44][error][../wp-content/plugins/wp-script-core/config.php][/var/www/html/wp-content/plugins/wp-script-core/config.php][0]Api response body is null
[2023-02-15 19:26:41][error][../wp-content/plugins/wp-script-core/config.php][/var/www/html/wp-content/plugins/wp-script-core/config.php][0]Api response body is null
[2023-02-15 19:30:06][error][../wp-content/plugins/wp-script-core/config.php][/var/www/html/wp-content/plugins/wp-script-core/config.php][0]Api response body is null
[2023-02-15 19:33:24][error][../wp-content/plugins/wp-script-core/config.php][/var/www/html/wp-content/plugins/wp-script-core/config.php][0]Api response body is null
[2023-02-15 19:55:31][error][../wp-content/plugins/wp-script-core/config.php][/var/www/html/wp-content/plugins/wp-script-core/config.php][0]Api response body is null
[2023-02-17 17:48:47][error][../wp-content/plugins/wp-script-core/config.php][/var/www/html/wp-content/plugins/wp-script-core/config.php][0]Api response body is null
[2023-02-17 17:48:52][error][../wp-content/plugins/wp-script-core/config.php][/var/www/html/wp-content/plugins/wp-script-core/config.php][0]Api response body is null
[2023-02-17 17:49:00][error][../wp-content/plugins/wp-script-core/config.php][/var/www/html/wp-content/plugins/wp-script-core/config.php][0]Api response body is null
[2023-02-17 17:49:00][error][../wp-content/plugins/wp-script-core/config.php][/var/www/html/wp-content/plugins/wp-script-core/config.php][0]Api response body is null
[2023-02-20 09:44:43][error][../wp-content/plugins/wp-script-core/config.php][/var/www/html/wp-content/plugins/wp-script-core/config.php][0]Api response body is null
[2023-02-20 09:44:48][error][../wp-content/plugins/wp-script-core/config.php][/var/www/html/wp-content/plugins/wp-script-core/config.php][0]Api response body is null
[2023-02-20 16:52:59][info][../wp-content/plugins/adult-mass-videos-embedder/admin/class/class-amve-search-videos.php][/var/www/html/wp-content/plugins/adult-mass-videos-embedder/admin/class/class-amve-search-videos.php][0]https://xhamster.com/search?q=Algerian&categories=MTM6OToKNQ%3D%3D
[2023-02-20 16:53:00][info][../wp-content/plugins/adult-mass-videos-embedder/admin/class/class-amve-search-videos.php][/var/www/html/wp-content/plugins/adult-mass-videos-embedder/admin/class/class-amve-search-videos.php][0]https://xhamster.com/search?q=Algerian&categories=MTM6OToKNQ%3D%3D&p=2
[2023-02-20 16:53:08][info][../wp-content/plugins/adult-mass-videos-embedder/admin/class/class-amve-search-videos.php][/var/www/html/wp-content/plugins/adult-mass-videos-embedder/admin/class/class-amve-search-videos.php][0]https://www.redtube.com/new?search=arab
[2023-02-20 16:53:09][info][../wp-content/plugins/adult-mass-videos-embedder/admin/class/class-amve-search-videos.php][/var/www/html/wp-content/plugins/adult-mass-videos-embedder/admin/class/class-amve-search-videos.php][0]https://www.redtube.com/new?search=arab&page=2
[2023-02-20 16:53:24][info][../wp-content/plugins/adult-mass-videos-embedder/admin/class/class-amve-search-videos.php][/var/www/html/wp-content/plugins/adult-mass-videos-embedder/admin/class/class-amve-search-videos.php][0]https://xhamster.com/search?q=Algerian&categories=MTM6OToKNQ%3D%3D
[2023-02-20 16:53:25][info][../wp-content/plugins/adult-mass-videos-embedder/admin/class/class-amve-search-videos.php][/var/www/html/wp-content/plugins/adult-mass-videos-embedder/admin/class/class-amve-search-videos.php][0]https://xhamster.com/search?q=Algerian&categories=MTM6OToKNQ%3D%3D&p=2
[2023-02-20 16:53:34][info][../wp-content/plugins/adult-mass-videos-embedder/admin/class/class-amve-search-videos.php][/var/www/html/wp-content/plugins/adult-mass-videos-embedder/admin/class/class-amve-search-videos.php][0]https://xhamster.com/search?q=Arab&categories=MTM6OToKNQ%3D%3D
[2023-02-20 16:53:35][info][../wp-content/plugins/adult-mass-videos-embedder/admin/class/class-amve-search-videos.php][/var/www/html/wp-content/plugins/adult-mass-videos-embedder/admin/class/class-amve-search-videos.php][0]https://xhamster.com/search?q=Arab&categories=MTM6OToKNQ%3D%3D&p=2
[2023-02-20 16:53:41][info][../wp-content/plugins/adult-mass-videos-embedder/admin/class/class-amve-search-videos.php][/var/www/html/wp-content/plugins/adult-mass-videos-embedder/admin/class/class-amve-search-videos.php][0]https://www.xvideos.com/?k=Argentinian
[2023-02-20 16:53:41][info][../wp-content/plugins/adult-mass-videos-embedder/admin/class/class-amve-search-videos.php][/var/www/html/wp-content/plugins/adult-mass-videos-embedder/admin/class/class-amve-search-videos.php][0]https://www.xvideos.com/?k=Argentinian&p=1
[2023-02-20 16:53:45][info][../wp-content/plugins/adult-mass-videos-embedder/admin/class/class-amve-search-videos.php][/var/www/html/wp-content/plugins/adult-mass-videos-embedder/admin/class/class-amve-search-videos.php][0]https://www.xvideos.com/?k=Arab
[2023-02-20 16:53:45][info][../wp-content/plugins/adult-mass-videos-embedder/admin/class/class-amve-search-videos.php][/var/www/html/wp-content/plugins/adult-mass-videos-embedder/admin/class/class-amve-search-videos.php][0]https://www.xvideos.com/?k=Arab&p=1
[2023-02-20 16:54:03][info][../wp-content/plugins/adult-mass-videos-embedder/admin/class/class-amve-search-videos.php][/var/www/html/wp-content/plugins/adult-mass-videos-embedder/admin/class/class-amve-search-videos.php][0]https://www.redtube.com/new?search=asian
[2023-02-20 16:54:03][info][../wp-content/plugins/adult-mass-videos-embedder/admin/class/class-amve-search-videos.php][/var/www/html/wp-content/plugins/adult-mass-videos-embedder/admin/class/class-amve-search-videos.php][0]https://www.redtube.com/new?search=asian&page=2
[2023-02-20 16:54:08][info][../wp-content/plugins/adult-mass-videos-embedder/admin/class/class-amve-search-videos.php][/var/www/html/wp-content/plugins/adult-mass-videos-embedder/admin/class/class-amve-search-videos.php][0]https://www.xvideos.com/?k=Amateur
[2023-02-20 16:54:09][info][../wp-content/plugins/adult-mass-videos-embedder/admin/class/class-amve-search-videos.php][/var/www/html/wp-content/plugins/adult-mass-videos-embedder/admin/class/class-amve-search-videos.php][0]https://www.xvideos.com/?k=Amateur&p=1
[2023-02-20 16:54:13][info][../wp-content/plugins/adult-mass-videos-embedder/admin/class/class-amve-search-videos.php][/var/www/html/wp-content/plugins/adult-mass-videos-embedder/admin/class/class-amve-search-videos.php][0]https://xhamster.com/search?q=Algerian&categories=MTM6OToKNQ%3D%3D
[2023-02-20 16:54:14][info][../wp-content/plugins/adult-mass-videos-embedder/admin/class/class-amve-search-videos.php][/var/www/html/wp-content/plugins/adult-mass-videos-embedder/admin/class/class-amve-search-videos.php][0]https://xhamster.com/search?q=Algerian&categories=MTM6OToKNQ%3D%3D&p=2
[2023-02-20 17:07:35][error][../wp-content/plugins/wp-script-core/config.php][/var/www/html/wp-content/plugins/wp-script-core/config.php][0]Api response body is null
[2023-02-20 17:08:22][error][../wp-content/plugins/wp-script-core/config.php][/var/www/html/wp-content/plugins/wp-script-core/config.php][0]Api response body is null
[2023-02-20 17:09:25][error][../wp-content/plugins/wp-script-core/config.php][/var/www/html/wp-content/plugins/wp-script-core/config.php][0]Api response body is null
[2023-02-21 09:43:17][info][../wp-content/plugins/adult-mass-videos-embedder/admin/class/class-amve-search-videos.php][/var/www/html/wp-content/plugins/adult-mass-videos-embedder/admin/class/class-amve-search-videos.php][0]https://www.extremetube.com/videos?search=anal
[2023-02-21 09:43:21][info][../wp-content/plugins/adult-mass-videos-embedder/admin/class/class-amve-search-videos.php][/var/www/html/wp-content/plugins/adult-mass-videos-embedder/admin/class/class-amve-search-videos.php][0]https://www.extremetube.com/videos?search=bbw
[2023-02-22 10:19:13][error][../wp-content/plugins/wp-script-core/admin/actions/ajax-check-license-key.php][/var/www/html/wp-content/plugins/wp-script-core/admin/actions/ajax-check-license-key.php][0]Connection to API (check_license) failed (status: <code>200</code> message: <code>Invalid License key</code>)
[2023-02-22 10:19:40][error][../wp-content/plugins/wp-script-core/admin/actions/ajax-check-license-key.php][/var/www/html/wp-content/plugins/wp-script-core/admin/actions/ajax-check-license-key.php][0]Connection to API (check_license) failed (status: <code>200</code> message: <code>Invalid License key</code>)
[2023-02-22 10:19:46][error][../wp-content/plugins/wp-script-core/admin/actions/ajax-check-license-key.php][/var/www/html/wp-content/plugins/wp-script-core/admin/actions/ajax-check-license-key.php][0]Connection to API (check_license) failed (status: <code>200</code> message: <code>Invalid License key</code>)
[2023-02-22 10:19:52][error][../wp-content/plugins/wp-script-core/admin/actions/ajax-check-license-key.php][/var/www/html/wp-content/plugins/wp-script-core/admin/actions/ajax-check-license-key.php][0]Connection to API (check_license) failed (status: <code>200</code> message: <code>Invalid License key</code>)
[2023-02-22 11:33:42][success][../wp-content/plugins/wp-script-core/admin/actions/ajax-connect-product.php][/var/www/html/wp-content/plugins/wp-script-core/admin/actions/ajax-connect-product.php][0]Product connected <code>FamousTube</code>
[2023-03-02 15:37:27][success][../wp-content/plugins/wp-script-core/admin/actions/ajax-check-license-key.php][/Applications/XAMPP/xamppfiles/htdocs/wordpress/wp-content/plugins/wp-script-core/admin/actions/ajax-check-license-key.php][0]License Key changed successfully
[2023-03-02 15:37:37][success][../wp-content/plugins/wp-script-core/admin/actions/ajax-connect-product.php][/Applications/XAMPP/xamppfiles/htdocs/wordpress/wp-content/plugins/wp-script-core/admin/actions/ajax-connect-product.php][0]Product connected <code>FamousTube</code>
